{"meta": {"format": 3, "version": "7.11.0", "timestamp": "2025-10-23T12:12:42.620063", "branch_coverage": true, "show_contexts": false}, "files": {"src\\spotify_yt_transfer\\api\\dependencies.py": {"executed_lines": [1, 3, 5, 6, 8, 9, 10, 12, 15, 16, 19, 33, 48, 63, 76, 95], "summary": {"covered_lines": 15, "num_statements": 28, "percent_covered": 46.875, "percent_covered_display": "46.88", "missing_lines": 13, "excluded_lines": 0, "num_branches": 4, "num_partial_branches": 0, "covered_branches": 0, "missing_branches": 4}, "missing_lines": [27, 28, 29, 30, 43, 44, 45, 58, 59, 60, 73, 92, 111], "excluded_lines": [], "executed_branches": [], "missing_branches": [[43, 44], [43, 45], [58, 59], [58, 60]], "functions": {"init_clients": {"executed_lines": [], "summary": {"covered_lines": 0, "num_statements": 4, "percent_covered": 0.0, "percent_covered_display": "0.00", "missing_lines": 4, "excluded_lines": 0, "num_branches": 0, "num_partial_branches": 0, "covered_branches": 0, "missing_branches": 0}, "missing_lines": [27, 28, 29, 30], "excluded_lines": [], "executed_branches": [], "missing_branches": []}, "get_spotify_client": {"executed_lines": [], "summary": {"covered_lines": 0, "num_statements": 3, "percent_covered": 0.0, "percent_covered_display": "0.00", "missing_lines": 3, "excluded_lines": 0, "num_branches": 2, "num_partial_branches": 0, "covered_branches": 0, "missing_branches": 2}, "missing_lines": [43, 44, 45], "excluded_lines": [], "executed_branches": [], "missing_branches": [[43, 44], [43, 45]]}, "get_youtube_client": {"executed_lines": [], "summary": {"covered_lines": 0, "num_statements": 3, "percent_covered": 0.0, "percent_covered_display": "0.00", "missing_lines": 3, "excluded_lines": 0, "num_branches": 2, "num_partial_branches": 0, "covered_branches": 0, "missing_branches": 2}, "missing_lines": [58, 59, 60], "excluded_lines": [], "executed_branches": [], "missing_branches": [[58, 59], [58, 60]]}, "get_track_repository": {"executed_lines": [], "summary": {"covered_lines": 0, "num_statements": 1, "percent_covered": 0.0, "percent_covered_display": "0.00", "missing_lines": 1, "excluded_lines": 0, "num_branches": 0, "num_partial_branches": 0, "covered_branches": 0, "missing_branches": 0}, "missing_lines": [73], "excluded_lines": [], "executed_branches": [], "missing_branches": []}, "get_migration_service": {"executed_lines": [], "summary": {"covered_lines": 0, "num_statements": 1, "percent_covered": 0.0, "percent_covered_display": "0.00", "missing_lines": 1, "excluded_lines": 0, "num_branches": 0, "num_partial_branches": 0, "covered_branches": 0, "missing_branches": 0}, "missing_lines": [92], "excluded_lines": [], "executed_branches": [], "missing_branches": []}, "get_playlist_service": {"executed_lines": [], "summary": {"covered_lines": 0, "num_statements": 1, "percent_covered": 0.0, "percent_covered_display": "0.00", "missing_lines": 1, "excluded_lines": 0, "num_branches": 0, "num_partial_branches": 0, "covered_branches": 0, "missing_branches": 0}, "missing_lines": [111], "excluded_lines": [], "executed_branches": [], "missing_branches": []}, "": {"executed_lines": [1, 3, 5, 6, 8, 9, 10, 12, 15, 16, 19, 33, 48, 63, 76, 95], "summary": {"covered_lines": 15, "num_statements": 15, "percent_covered": 100.0, "percent_covered_display": "100.00", "missing_lines": 0, "excluded_lines": 0, "num_branches": 0, "num_partial_branches": 0, "covered_branches": 0, "missing_branches": 0}, "missing_lines": [], "excluded_lines": [], "executed_branches": [], "missing_branches": []}}, "classes": {"": {"executed_lines": [1, 3, 5, 6, 8, 9, 10, 12, 15, 16, 19, 33, 48, 63, 76, 95], "summary": {"covered_lines": 15, "num_statements": 28, "percent_covered": 46.875, "percent_covered_display": "46.88", "missing_lines": 13, "excluded_lines": 0, "num_branches": 4, "num_partial_branches": 0, "covered_branches": 0, "missing_branches": 4}, "missing_lines": [27, 28, 29, 30, 43, 44, 45, 58, 59, 60, 73, 92, 111], "excluded_lines": [], "executed_branches": [], "missing_branches": [[43, 44], [43, 45], [58, 59], [58, 60]]}}}, "src\\spotify_yt_transfer\\api\\v1\\routes\\auth.py": {"executed_lines": [1, 3, 4, 6, 7, 9, 11, 13, 16, 40], "summary": {"covered_lines": 9, "num_statements": 22, "percent_covered": 37.5, "percent_covered_display": "37.50", "missing_lines": 13, "excluded_lines": 0, "num_branches": 2, "num_partial_branches": 0, "covered_branches": 0, "missing_branches": 2}, "missing_lines": [53, 55, 56, 57, 59, 60, 62, 70, 72, 73, 75, 76, 77], "excluded_lines": [], "executed_branches": [], "missing_branches": [[55, 56], [55, 59]], "functions": {"spotify_callback": {"executed_lines": [], "summary": {"covered_lines": 0, "num_statements": 13, "percent_covered": 0.0, "percent_covered_display": "0.00", "missing_lines": 13, "excluded_lines": 0, "num_branches": 2, "num_partial_branches": 0, "covered_branches": 0, "missing_branches": 2}, "missing_lines": [53, 55, 56, 57, 59, 60, 62, 70, 72, 73, 75, 76, 77], "excluded_lines": [], "executed_branches": [], "missing_branches": [[55, 56], [55, 59]]}, "": {"executed_lines": [1, 3, 4, 6, 7, 9, 11, 13, 16, 40], "summary": {"covered_lines": 9, "num_statements": 9, "percent_covered": 100.0, "percent_covered_display": "100.00", "missing_lines": 0, "excluded_lines": 0, "num_branches": 0, "num_partial_branches": 0, "covered_branches": 0, "missing_branches": 0}, "missing_lines": [], "excluded_lines": [], "executed_branches": [], "missing_branches": []}}, "classes": {"": {"executed_lines": [1, 3, 4, 6, 7, 9, 11, 13, 16, 40], "summary": {"covered_lines": 9, "num_statements": 22, "percent_covered": 37.5, "percent_covered_display": "37.50", "missing_lines": 13, "excluded_lines": 0, "num_branches": 2, "num_partial_branches": 0, "covered_branches": 0, "missing_branches": 2}, "missing_lines": [53, 55, 56, 57, 59, 60, 62, 70, 72, 73, 75, 76, 77], "excluded_lines": [], "executed_branches": [], "missing_branches": [[55, 56], [55, 59]]}}}, "src\\spotify_yt_transfer\\api\\v1\\routes\\health.py": {"executed_lines": [1, 3, 5, 7, 9, 11, 14, 21, 28, 31, 38, 53, 59], "summary": {"covered_lines": 12, "num_statements": 14, "percent_covered": 85.71428571428571, "percent_covered_display": "85.71", "missing_lines": 2, "excluded_lines": 0, "num_branches": 0, "num_partial_branches": 0, "covered_branches": 0, "missing_branches": 0}, "missing_lines": [46, 66], "excluded_lines": [], "executed_branches": [], "missing_branches": [], "functions": {"health_check": {"executed_lines": [28], "summary": {"covered_lines": 1, "num_statements": 1, "percent_covered": 100.0, "percent_covered_display": "100.00", "missing_lines": 0, "excluded_lines": 0, "num_branches": 0, "num_partial_branches": 0, "covered_branches": 0, "missing_branches": 0}, "missing_lines": [], "excluded_lines": [], "executed_branches": [], "missing_branches": []}, "readiness_check": {"executed_lines": [], "summary": {"covered_lines": 0, "num_statements": 1, "percent_covered": 0.0, "percent_covered_display": "0.00", "missing_lines": 1, "excluded_lines": 0, "num_branches": 0, "num_partial_branches": 0, "covered_branches": 0, "missing_branches": 0}, "missing_lines": [46], "excluded_lines": [], "executed_branches": [], "missing_branches": []}, "root": {"executed_lines": [], "summary": {"covered_lines": 0, "num_statements": 1, "percent_covered": 0.0, "percent_covered_display": "0.00", "missing_lines": 1, "excluded_lines": 0, "num_branches": 0, "num_partial_branches": 0, "covered_branches": 0, "missing_branches": 0}, "missing_lines": [66], "excluded_lines": [], "executed_branches": [], "missing_branches": []}, "": {"executed_lines": [1, 3, 5, 7, 9, 11, 14, 21, 31, 38, 53, 59], "summary": {"covered_lines": 11, "num_statements": 11, "percent_covered": 100.0, "percent_covered_display": "100.00", "missing_lines": 0, "excluded_lines": 0, "num_branches": 0, "num_partial_branches": 0, "covered_branches": 0, "missing_branches": 0}, "missing_lines": [], "excluded_lines": [], "executed_branches": [], "missing_branches": []}}, "classes": {"": {"executed_lines": [1, 3, 5, 7, 9, 11, 14, 21, 28, 31, 38, 53, 59], "summary": {"covered_lines": 12, "num_statements": 14, "percent_covered": 85.71428571428571, "percent_covered_display": "85.71", "missing_lines": 2, "excluded_lines": 0, "num_branches": 0, "num_partial_branches": 0, "covered_branches": 0, "missing_branches": 0}, "missing_lines": [46, 66], "excluded_lines": [], "executed_branches": [], "missing_branches": []}}}, "src\\spotify_yt_transfer\\api\\v1\\routes\\migration.py": {"executed_lines": [1, 3, 5, 6, 8, 9, 15, 17, 19, 22, 54, 100, 137, 154, 159, 160, 165], "summary": {"covered_lines": 16, "num_statements": 29, "percent_covered": 51.61290322580645, "percent_covered_display": "51.61", "missing_lines": 13, "excluded_lines": 0, "num_branches": 2, "num_partial_branches": 0, "covered_branches": 0, "missing_branches": 2}, "missing_lines": [77, 81, 82, 87, 89, 90, 91, 94, 95, 97, 167, 168, 169], "excluded_lines": [], "executed_branches": [], "missing_branches": [[94, 95], [94, 97]], "functions": {"migrate_playlist": {"executed_lines": [], "summary": {"covered_lines": 0, "num_statements": 10, "percent_covered": 0.0, "percent_covered_display": "0.00", "missing_lines": 10, "excluded_lines": 0, "num_branches": 2, "num_partial_branches": 0, "covered_branches": 0, "missing_branches": 2}, "missing_lines": [77, 81, 82, 87, 89, 90, 91, 94, 95, 97], "excluded_lines": [], "executed_branches": [], "missing_branches": [[94, 95], [94, 97]]}, "check_missing_tracks": {"executed_lines": [154, 159, 160, 165], "summary": {"covered_lines": 4, "num_statements": 7, "percent_covered": 57.142857142857146, "percent_covered_display": "57.14", "missing_lines": 3, "excluded_lines": 0, "num_branches": 0, "num_partial_branches": 0, "covered_branches": 0, "missing_branches": 0}, "missing_lines": [167, 168, 169], "excluded_lines": [], "executed_branches": [], "missing_branches": []}, "": {"executed_lines": [1, 3, 5, 6, 8, 9, 15, 17, 19, 22, 54, 100, 137], "summary": {"covered_lines": 12, "num_statements": 12, "percent_covered": 100.0, "percent_covered_display": "100.00", "missing_lines": 0, "excluded_lines": 0, "num_branches": 0, "num_partial_branches": 0, "covered_branches": 0, "missing_branches": 0}, "missing_lines": [], "excluded_lines": [], "executed_branches": [], "missing_branches": []}}, "classes": {"": {"executed_lines": [1, 3, 5, 6, 8, 9, 15, 17, 19, 22, 54, 100, 137, 154, 159, 160, 165], "summary": {"covered_lines": 16, "num_statements": 29, "percent_covered": 51.61290322580645, "percent_covered_display": "51.61", "missing_lines": 13, "excluded_lines": 0, "num_branches": 2, "num_partial_branches": 0, "covered_branches": 0, "missing_branches": 2}, "missing_lines": [77, 81, 82, 87, 89, 90, 91, 94, 95, 97, 167, 168, 169], "excluded_lines": [], "executed_branches": [], "missing_branches": [[94, 95], [94, 97]]}}}, "src\\spotify_yt_transfer\\api\\v1\\routes\\utilities.py": {"executed_lines": [1, 3, 5, 6, 7, 9, 10, 11, 18, 20, 22, 25, 48, 65, 67, 69, 72, 75, 106, 149, 164], "summary": {"covered_lines": 20, "num_statements": 39, "percent_covered": 51.21951219512195, "percent_covered_display": "51.22", "missing_lines": 19, "excluded_lines": 0, "num_branches": 2, "num_partial_branches": 1, "covered_branches": 1, "missing_branches": 1}, "missing_lines": [70, 123, 128, 129, 136, 138, 144, 145, 146, 183, 185, 186, 191, 197, 198, 199, 200, 201, 202], "excluded_lines": [], "executed_branches": [[69, 72]], "missing_branches": [[69, 70]], "functions": {"get_youtube_playlist_id": {"executed_lines": [65, 67, 69, 72], "summary": {"covered_lines": 4, "num_statements": 5, "percent_covered": 71.42857142857143, "percent_covered_display": "71.43", "missing_lines": 1, "excluded_lines": 0, "num_branches": 2, "num_partial_branches": 1, "covered_branches": 1, "missing_branches": 1}, "missing_lines": [70], "excluded_lines": [], "executed_branches": [[69, 72]], "missing_branches": [[69, 70]]}, "split_liked_songs": {"executed_lines": [], "summary": {"covered_lines": 0, "num_statements": 8, "percent_covered": 0.0, "percent_covered_display": "0.00", "missing_lines": 8, "excluded_lines": 0, "num_branches": 0, "num_partial_branches": 0, "covered_branches": 0, "missing_branches": 0}, "missing_lines": [123, 128, 129, 136, 138, 144, 145, 146], "excluded_lines": [], "executed_branches": [], "missing_branches": []}, "download_cover": {"executed_lines": [], "summary": {"covered_lines": 0, "num_statements": 10, "percent_covered": 0.0, "percent_covered_display": "0.00", "missing_lines": 10, "excluded_lines": 0, "num_branches": 0, "num_partial_branches": 0, "covered_branches": 0, "missing_branches": 0}, "missing_lines": [183, 185, 186, 191, 197, 198, 199, 200, 201, 202], "excluded_lines": [], "executed_branches": [], "missing_branches": []}, "": {"executed_lines": [1, 3, 5, 6, 7, 9, 10, 11, 18, 20, 22, 25, 48, 75, 106, 149, 164], "summary": {"covered_lines": 16, "num_statements": 16, "percent_covered": 100.0, "percent_covered_display": "100.00", "missing_lines": 0, "excluded_lines": 0, "num_branches": 0, "num_partial_branches": 0, "covered_branches": 0, "missing_branches": 0}, "missing_lines": [], "excluded_lines": [], "executed_branches": [], "missing_branches": []}}, "classes": {"": {"executed_lines": [1, 3, 5, 6, 7, 9, 10, 11, 18, 20, 22, 25, 48, 65, 67, 69, 72, 75, 106, 149, 164], "summary": {"covered_lines": 20, "num_statements": 39, "percent_covered": 51.21951219512195, "percent_covered_display": "51.22", "missing_lines": 19, "excluded_lines": 0, "num_branches": 2, "num_partial_branches": 1, "covered_branches": 1, "missing_branches": 1}, "missing_lines": [70, 123, 128, 129, 136, 138, 144, 145, 146, 183, 185, 186, 191, 197, 198, 199, 200, 201, 202], "excluded_lines": [], "executed_branches": [[69, 72]], "missing_branches": [[69, 70]]}}}, "src\\spotify_yt_transfer\\clients\\spotify_client.py": {"executed_lines": [1, 3, 4, 6, 7, 8, 9, 17, 19, 22, 25, 26, 33, 40, 42, 50, 52, 61, 106, 115, 165, 174, 189, 198, 231, 240], "summary": {"covered_lines": 24, "num_statements": 76, "percent_covered": 26.08695652173913, "percent_covered_display": "26.09", "missing_lines": 52, "excluded_lines": 0, "num_branches": 16, "num_partial_branches": 0, "covered_branches": 0, "missing_branches": 16}, "missing_lines": [74, 76, 77, 78, 80, 81, 82, 84, 85, 86, 87, 93, 94, 98, 100, 101, 103, 104, 129, 131, 132, 133, 135, 136, 137, 139, 140, 141, 142, 148, 149, 150, 151, 155, 159, 160, 162, 163, 184, 185, 186, 187, 220, 221, 227, 228, 229, 252, 253, 255, 256, 257], "excluded_lines": [], "executed_branches": [], "missing_branches": [[80, 81], [80, 103], [84, 85], [84, 100], [86, 87], [86, 98], [135, 136], [135, 162], [139, 140], [139, 159], [141, 142], [141, 155], [148, 149], [148, 150], [252, 253], [252, 255]], "functions": {"SpotifyClient.__init__": {"executed_lines": [40, 42, 50], "summary": {"covered_lines": 3, "num_statements": 3, "percent_covered": 100.0, "percent_covered_display": "100.00", "missing_lines": 0, "excluded_lines": 0, "num_branches": 0, "num_partial_branches": 0, "covered_branches": 0, "missing_branches": 0}, "missing_lines": [], "excluded_lines": [], "executed_branches": [], "missing_branches": []}, "SpotifyClient.get_playlist_tracks": {"executed_lines": [], "summary": {"covered_lines": 0, "num_statements": 18, "percent_covered": 0.0, "percent_covered_display": "0.00", "missing_lines": 18, "excluded_lines": 0, "num_branches": 6, "num_partial_branches": 0, "covered_branches": 0, "missing_branches": 6}, "missing_lines": [74, 76, 77, 78, 80, 81, 82, 84, 85, 86, 87, 93, 94, 98, 100, 101, 103, 104], "excluded_lines": [], "executed_branches": [], "missing_branches": [[80, 81], [80, 103], [84, 85], [84, 100], [86, 87], [86, 98]]}, "SpotifyClient.get_liked_tracks": {"executed_lines": [], "summary": {"covered_lines": 0, "num_statements": 20, "percent_covered": 0.0, "percent_covered_display": "0.00", "missing_lines": 20, "excluded_lines": 0, "num_branches": 8, "num_partial_branches": 0, "covered_branches": 0, "missing_branches": 8}, "missing_lines": [129, 131, 132, 133, 135, 136, 137, 139, 140, 141, 142, 148, 149, 150, 151, 155, 159, 160, 162, 163], "excluded_lines": [], "executed_branches": [], "missing_branches": [[135, 136], [135, 162], [139, 140], [139, 159], [141, 142], [141, 155], [148, 149], [148, 150]]}, "SpotifyClient.get_current_user": {"executed_lines": [], "summary": {"covered_lines": 0, "num_statements": 4, "percent_covered": 0.0, "percent_covered_display": "0.00", "missing_lines": 4, "excluded_lines": 0, "num_branches": 0, "num_partial_branches": 0, "covered_branches": 0, "missing_branches": 0}, "missing_lines": [184, 185, 186, 187], "excluded_lines": [], "executed_branches": [], "missing_branches": []}, "SpotifyClient.create_playlist": {"executed_lines": [], "summary": {"covered_lines": 0, "num_statements": 5, "percent_covered": 0.0, "percent_covered_display": "0.00", "missing_lines": 5, "excluded_lines": 0, "num_branches": 0, "num_partial_branches": 0, "covered_branches": 0, "missing_branches": 0}, "missing_lines": [220, 221, 227, 228, 229], "excluded_lines": [], "executed_branches": [], "missing_branches": []}, "SpotifyClient.add_tracks_to_playlist": {"executed_lines": [], "summary": {"covered_lines": 0, "num_statements": 5, "percent_covered": 0.0, "percent_covered_display": "0.00", "missing_lines": 5, "excluded_lines": 0, "num_branches": 2, "num_partial_branches": 0, "covered_branches": 0, "missing_branches": 2}, "missing_lines": [252, 253, 255, 256, 257], "excluded_lines": [], "executed_branches": [], "missing_branches": [[252, 253], [252, 255]]}, "": {"executed_lines": [1, 3, 4, 6, 7, 8, 9, 17, 19, 22, 25, 26, 33, 52, 61, 106, 115, 165, 174, 189, 198, 231, 240], "summary": {"covered_lines": 21, "num_statements": 21, "percent_covered": 100.0, "percent_covered_display": "100.00", "missing_lines": 0, "excluded_lines": 0, "num_branches": 0, "num_partial_branches": 0, "covered_branches": 0, "missing_branches": 0}, "missing_lines": [], "excluded_lines": [], "executed_branches": [], "missing_branches": []}}, "classes": {"SpotifyClient": {"executed_lines": [40, 42, 50], "summary": {"covered_lines": 3, "num_statements": 55, "percent_covered": 4.225352112676056, "percent_covered_display": "4.23", "missing_lines": 52, "excluded_lines": 0, "num_branches": 16, "num_partial_branches": 0, "covered_branches": 0, "missing_branches": 16}, "missing_lines": [74, 76, 77, 78, 80, 81, 82, 84, 85, 86, 87, 93, 94, 98, 100, 101, 103, 104, 129, 131, 132, 133, 135, 136, 137, 139, 140, 141, 142, 148, 149, 150, 151, 155, 159, 160, 162, 163, 184, 185, 186, 187, 220, 221, 227, 228, 229, 252, 253, 255, 256, 257], "excluded_lines": [], "executed_branches": [], "missing_branches": [[80, 81], [80, 103], [84, 85], [84, 100], [86, 87], [86, 98], [135, 136], [135, 162], [139, 140], [139, 159], [141, 142], [141, 155], [148, 149], [148, 150], [252, 253], [252, 255]]}, "": {"executed_lines": [1, 3, 4, 6, 7, 8, 9, 17, 19, 22, 25, 26, 33, 52, 61, 106, 115, 165, 174, 189, 198, 231, 240], "summary": {"covered_lines": 21, "num_statements": 21, "percent_covered": 100.0, "percent_covered_display": "100.00", "missing_lines": 0, "excluded_lines": 0, "num_branches": 0, "num_partial_branches": 0, "covered_branches": 0, "missing_branches": 0}, "missing_lines": [], "excluded_lines": [], "executed_branches": [], "missing_branches": []}}}, "src\\spotify_yt_transfer\\clients\\youtube_client.py": {"executed_lines": [1, 3, 4, 5, 6, 7, 9, 10, 11, 12, 13, 14, 22, 24, 27, 30, 33, 53, 54, 61, 71, 73, 74, 75, 77, 79, 89, 91, 92, 93, 94, 96, 120, 122, 124, 125, 134, 178, 179, 188, 237, 238, 247, 298, 307, 336, 345], "summary": {"covered_lines": 45, "num_statements": 133, "percent_covered": 29.559748427672957, "percent_covered_display": "29.56", "missing_lines": 88, "excluded_lines": 0, "num_branches": 26, "num_partial_branches": 2, "covered_branches": 2, "missing_branches": 24}, "missing_lines": [43, 44, 45, 46, 47, 48, 49, 50, 97, 98, 99, 101, 102, 114, 116, 117, 118, 147, 149, 150, 152, 153, 159, 160, 162, 163, 164, 165, 166, 167, 168, 170, 171, 172, 173, 175, 176, 201, 203, 204, 205, 207, 208, 219, 220, 222, 223, 224, 225, 226, 227, 229, 230, 231, 232, 234, 235, 260, 262, 264, 265, 273, 274, 276, 277, 278, 282, 283, 284, 285, 286, 288, 291, 292, 293, 294, 296, 321, 323, 330, 331, 333, 334, 359, 361, 370, 372, 373], "excluded_lines": [], "executed_branches": [[91, 92], [96, 120]], "missing_branches": [[91, 96], [96, 97], [97, 98], [97, 101], [162, 163], [162, 170], [165, 162], [165, 166], [171, 172], [171, 173], [222, 223], [222, 229], [224, 222], [224, 225], [230, 231], [230, 232], [276, 277], [276, 282], [282, 283], [282, 291], [284, 285], [284, 288], [292, 264], [292, 293]], "functions": {"_is_quota_exceeded": {"executed_lines": [], "summary": {"covered_lines": 0, "num_statements": 8, "percent_covered": 0.0, "percent_covered_display": "0.00", "missing_lines": 8, "excluded_lines": 0, "num_branches": 0, "num_partial_branches": 0, "covered_branches": 0, "missing_branches": 0}, "missing_lines": [43, 44, 45, 46, 47, 48, 49, 50], "excluded_lines": [], "executed_branches": [], "missing_branches": []}, "YouTubeClient.__init__": {"executed_lines": [71, 73, 74, 75, 77], "summary": {"covered_lines": 5, "num_statements": 5, "percent_covered": 100.0, "percent_covered_display": "100.00", "missing_lines": 0, "excluded_lines": 0, "num_branches": 0, "num_partial_branches": 0, "covered_branches": 0, "missing_branches": 0}, "missing_lines": [], "excluded_lines": [], "executed_branches": [], "missing_branches": []}, "YouTubeClient._authenticate": {"executed_lines": [89, 91, 92, 93, 94, 96, 120, 122], "summary": {"covered_lines": 8, "num_statements": 17, "percent_covered": 43.47826086956522, "percent_covered_display": "43.48", "missing_lines": 9, "excluded_lines": 0, "num_branches": 6, "num_partial_branches": 2, "covered_branches": 2, "missing_branches": 4}, "missing_lines": [97, 98, 99, 101, 102, 114, 116, 117, 118], "excluded_lines": [], "executed_branches": [[91, 92], [96, 120]], "missing_branches": [[91, 96], [96, 97], [97, 98], [97, 101]]}, "YouTubeClient.find_playlist_by_name": {"executed_lines": [], "summary": {"covered_lines": 0, "num_statements": 20, "percent_covered": 0.0, "percent_covered_display": "0.00", "missing_lines": 20, "excluded_lines": 0, "num_branches": 6, "num_partial_branches": 0, "covered_branches": 0, "missing_branches": 6}, "missing_lines": [147, 149, 150, 152, 153, 159, 160, 162, 163, 164, 165, 166, 167, 168, 170, 171, 172, 173, 175, 176], "excluded_lines": [], "executed_branches": [], "missing_branches": [[162, 163], [162, 170], [165, 162], [165, 166], [171, 172], [171, 173]]}, "YouTubeClient.get_playlist_items": {"executed_lines": [], "summary": {"covered_lines": 0, "num_statements": 20, "percent_covered": 0.0, "percent_covered_display": "0.00", "missing_lines": 20, "excluded_lines": 0, "num_branches": 6, "num_partial_branches": 0, "covered_branches": 0, "missing_branches": 6}, "missing_lines": [201, 203, 204, 205, 207, 208, 219, 220, 222, 223, 224, 225, 226, 227, 229, 230, 231, 232, 234, 235], "excluded_lines": [], "executed_branches": [], "missing_branches": [[222, 223], [222, 229], [224, 222], [224, 225], [230, 231], [230, 232]]}, "YouTubeClient.search_video": {"executed_lines": [], "summary": {"covered_lines": 0, "num_statements": 20, "percent_covered": 0.0, "percent_covered_display": "0.00", "missing_lines": 20, "excluded_lines": 0, "num_branches": 8, "num_partial_branches": 0, "covered_branches": 0, "missing_branches": 8}, "missing_lines": [260, 262, 264, 265, 273, 274, 276, 277, 278, 282, 283, 284, 285, 286, 288, 291, 292, 293, 294, 296], "excluded_lines": [], "executed_branches": [], "missing_branches": [[276, 277], [276, 282], [282, 283], [282, 291], [284, 285], [284, 288], [292, 264], [292, 293]]}, "YouTubeClient.create_playlist": {"executed_lines": [], "summary": {"covered_lines": 0, "num_statements": 6, "percent_covered": 0.0, "percent_covered_display": "0.00", "missing_lines": 6, "excluded_lines": 0, "num_branches": 0, "num_partial_branches": 0, "covered_branches": 0, "missing_branches": 0}, "missing_lines": [321, 323, 330, 331, 333, 334], "excluded_lines": [], "executed_branches": [], "missing_branches": []}, "YouTubeClient.add_video_to_playlist": {"executed_lines": [], "summary": {"covered_lines": 0, "num_statements": 5, "percent_covered": 0.0, "percent_covered_display": "0.00", "missing_lines": 5, "excluded_lines": 0, "num_branches": 0, "num_partial_branches": 0, "covered_branches": 0, "missing_branches": 0}, "missing_lines": [359, 361, 370, 372, 373], "excluded_lines": [], "executed_branches": [], "missing_branches": []}, "": {"executed_lines": [1, 3, 4, 5, 6, 7, 9, 10, 11, 12, 13, 14, 22, 24, 27, 30, 33, 53, 54, 61, 79, 124, 125, 134, 178, 179, 188, 237, 238, 247, 298, 307, 336, 345], "summary": {"covered_lines": 32, "num_statements": 32, "percent_covered": 100.0, "percent_covered_display": "100.00", "missing_lines": 0, "excluded_lines": 0, "num_branches": 0, "num_partial_branches": 0, "covered_branches": 0, "missing_branches": 0}, "missing_lines": [], "excluded_lines": [], "executed_branches": [], "missing_branches": []}}, "classes": {"YouTubeClient": {"executed_lines": [71, 73, 74, 75, 77, 89, 91, 92, 93, 94, 96, 120, 122], "summary": {"covered_lines": 13, "num_statements": 93, "percent_covered": 12.605042016806722, "percent_covered_display": "12.61", "missing_lines": 80, "excluded_lines": 0, "num_branches": 26, "num_partial_branches": 2, "covered_branches": 2, "missing_branches": 24}, "missing_lines": [97, 98, 99, 101, 102, 114, 116, 117, 118, 147, 149, 150, 152, 153, 159, 160, 162, 163, 164, 165, 166, 167, 168, 170, 171, 172, 173, 175, 176, 201, 203, 204, 205, 207, 208, 219, 220, 222, 223, 224, 225, 226, 227, 229, 230, 231, 232, 234, 235, 260, 262, 264, 265, 273, 274, 276, 277, 278, 282, 283, 284, 285, 286, 288, 291, 292, 293, 294, 296, 321, 323, 330, 331, 333, 334, 359, 361, 370, 372, 373], "excluded_lines": [], "executed_branches": [[91, 92], [96, 120]], "missing_branches": [[91, 96], [96, 97], [97, 98], [97, 101], [162, 163], [162, 170], [165, 162], [165, 166], [171, 172], [171, 173], [222, 223], [222, 229], [224, 222], [224, 225], [230, 231], [230, 232], [276, 277], [276, 282], [282, 283], [282, 291], [284, 285], [284, 288], [292, 264], [292, 293]]}, "": {"executed_lines": [1, 3, 4, 5, 6, 7, 9, 10, 11, 12, 13, 14, 22, 24, 27, 30, 33, 53, 54, 61, 79, 124, 125, 134, 178, 179, 188, 237, 238, 247, 298, 307, 336, 345], "summary": {"covered_lines": 32, "num_statements": 40, "percent_covered": 80.0, "percent_covered_display": "80.00", "missing_lines": 8, "excluded_lines": 0, "num_branches": 0, "num_partial_branches": 0, "covered_branches": 0, "missing_branches": 0}, "missing_lines": [43, 44, 45, 46, 47, 48, 49, 50], "excluded_lines": [], "executed_branches": [], "missing_branches": []}}}, "src\\spotify_yt_transfer\\core\\config.py": {"executed_lines": [1, 3, 4, 5, 7, 10, 13, 14, 15, 17, 18, 19, 20, 21, 22, 25, 26, 27, 29, 30, 31, 32, 33, 34, 37, 38, 39, 41, 42, 44, 45, 47, 50, 51, 52, 54, 55, 56, 59, 60, 61, 63, 66, 67, 68, 70, 71, 72, 73, 76, 77, 78, 80, 81, 82, 83, 84, 85, 86, 87, 90, 92, 93, 95, 98, 101, 102, 105, 115, 125, 126, 132, 139, 144, 151, 164], "summary": {"covered_lines": 68, "num_statements": 69, "percent_covered": 97.1830985915493, "percent_covered_display": "97.18", "missing_lines": 1, "excluded_lines": 0, "num_branches": 2, "num_partial_branches": 1, "covered_branches": 1, "missing_branches": 1}, "missing_lines": [94], "excluded_lines": [], "executed_branches": [[93, 95]], "missing_branches": [[93, 94]], "functions": {"DatabaseConfig.directory": {"executed_lines": [47], "summary": {"covered_lines": 1, "num_statements": 1, "percent_covered": 100.0, "percent_covered_display": "100.00", "missing_lines": 0, "excluded_lines": 0, "num_branches": 0, "num_partial_branches": 0, "covered_branches": 0, "missing_branches": 0}, "missing_lines": [], "excluded_lines": [], "executed_branches": [], "missing_branches": []}, "_get_env": {"executed_lines": [92, 93, 95], "summary": {"covered_lines": 3, "num_statements": 4, "percent_covered": 66.66666666666667, "percent_covered_display": "66.67", "missing_lines": 1, "excluded_lines": 0, "num_branches": 2, "num_partial_branches": 1, "covered_branches": 1, "missing_branches": 1}, "missing_lines": [94], "excluded_lines": [], "executed_branches": [[93, 95]], "missing_branches": [[93, 94]]}, "_load_settings": {"executed_lines": [101, 102, 105, 115, 125, 126, 132, 139, 144, 151], "summary": {"covered_lines": 10, "num_statements": 10, "percent_covered": 100.0, "percent_covered_display": "100.00", "missing_lines": 0, "excluded_lines": 0, "num_branches": 0, "num_partial_branches": 0, "covered_branches": 0, "missing_branches": 0}, "missing_lines": [], "excluded_lines": [], "executed_branches": [], "missing_branches": []}, "": {"executed_lines": [1, 3, 4, 5, 7, 10, 13, 14, 15, 17, 18, 19, 20, 21, 22, 25, 26, 27, 29, 30, 31, 32, 33, 34, 37, 38, 39, 41, 42, 44, 45, 50, 51, 52, 54, 55, 56, 59, 60, 61, 63, 66, 67, 68, 70, 71, 72, 73, 76, 77, 78, 80, 81, 82, 83, 84, 85, 86, 87, 90, 98, 164], "summary": {"covered_lines": 54, "num_statements": 54, "percent_covered": 100.0, "percent_covered_display": "100.00", "missing_lines": 0, "excluded_lines": 0, "num_branches": 0, "num_partial_branches": 0, "covered_branches": 0, "missing_branches": 0}, "missing_lines": [], "excluded_lines": [], "executed_branches": [], "missing_branches": []}}, "classes": {"SpotifyConfig": {"executed_lines": [], "summary": {"covered_lines": 0, "num_statements": 0, "percent_covered": 100.0, "percent_covered_display": "100.00", "missing_lines": 0, "excluded_lines": 0, "num_branches": 0, "num_partial_branches": 0, "covered_branches": 0, "missing_branches": 0}, "missing_lines": [], "excluded_lines": [], "executed_branches": [], "missing_branches": []}, "YouTubeConfig": {"executed_lines": [], "summary": {"covered_lines": 0, "num_statements": 0, "percent_covered": 100.0, "percent_covered_display": "100.00", "missing_lines": 0, "excluded_lines": 0, "num_branches": 0, "num_partial_branches": 0, "covered_branches": 0, "missing_branches": 0}, "missing_lines": [], "excluded_lines": [], "executed_branches": [], "missing_branches": []}, "DatabaseConfig": {"executed_lines": [47], "summary": {"covered_lines": 1, "num_statements": 1, "percent_covered": 100.0, "percent_covered_display": "100.00", "missing_lines": 0, "excluded_lines": 0, "num_branches": 0, "num_partial_branches": 0, "covered_branches": 0, "missing_branches": 0}, "missing_lines": [], "excluded_lines": [], "executed_branches": [], "missing_branches": []}, "LoggingConfig": {"executed_lines": [], "summary": {"covered_lines": 0, "num_statements": 0, "percent_covered": 100.0, "percent_covered_display": "100.00", "missing_lines": 0, "excluded_lines": 0, "num_branches": 0, "num_partial_branches": 0, "covered_branches": 0, "missing_branches": 0}, "missing_lines": [], "excluded_lines": [], "executed_branches": [], "missing_branches": []}, "MatchingConfig": {"executed_lines": [], "summary": {"covered_lines": 0, "num_statements": 0, "percent_covered": 100.0, "percent_covered_display": "100.00", "missing_lines": 0, "excluded_lines": 0, "num_branches": 0, "num_partial_branches": 0, "covered_branches": 0, "missing_branches": 0}, "missing_lines": [], "excluded_lines": [], "executed_branches": [], "missing_branches": []}, "CoverConfig": {"executed_lines": [], "summary": {"covered_lines": 0, "num_statements": 0, "percent_covered": 100.0, "percent_covered_display": "100.00", "missing_lines": 0, "excluded_lines": 0, "num_branches": 0, "num_partial_branches": 0, "covered_branches": 0, "missing_branches": 0}, "missing_lines": [], "excluded_lines": [], "executed_branches": [], "missing_branches": []}, "Settings": {"executed_lines": [], "summary": {"covered_lines": 0, "num_statements": 0, "percent_covered": 100.0, "percent_covered_display": "100.00", "missing_lines": 0, "excluded_lines": 0, "num_branches": 0, "num_partial_branches": 0, "covered_branches": 0, "missing_branches": 0}, "missing_lines": [], "excluded_lines": [], "executed_branches": [], "missing_branches": []}, "": {"executed_lines": [1, 3, 4, 5, 7, 10, 13, 14, 15, 17, 18, 19, 20, 21, 22, 25, 26, 27, 29, 30, 31, 32, 33, 34, 37, 38, 39, 41, 42, 44, 45, 50, 51, 52, 54, 55, 56, 59, 60, 61, 63, 66, 67, 68, 70, 71, 72, 73, 76, 77, 78, 80, 81, 82, 83, 84, 85, 86, 87, 90, 92, 93, 95, 98, 101, 102, 105, 115, 125, 126, 132, 139, 144, 151, 164], "summary": {"covered_lines": 67, "num_statements": 68, "percent_covered": 97.14285714285714, "percent_covered_display": "97.14", "missing_lines": 1, "excluded_lines": 0, "num_branches": 2, "num_partial_branches": 1, "covered_branches": 1, "missing_branches": 1}, "missing_lines": [94], "excluded_lines": [], "executed_branches": [[93, 95]], "missing_branches": [[93, 94]]}}}, "src\\spotify_yt_transfer\\core\\logging.py": {"executed_lines": [1, 3, 4, 5, 6, 8, 11], "summary": {"covered_lines": 6, "num_statements": 26, "percent_covered": 21.428571428571427, "percent_covered_display": "21.43", "missing_lines": 20, "excluded_lines": 0, "num_branches": 2, "num_partial_branches": 0, "covered_branches": 0, "missing_branches": 2}, "missing_lines": [14, 17, 23, 24, 25, 28, 29, 32, 38, 39, 42, 43, 44, 45, 46, 49, 50, 51, 52, 54], "excluded_lines": [], "executed_branches": [], "missing_branches": [[49, 50], [49, 54]], "functions": {"setup_logging": {"executed_lines": [], "summary": {"covered_lines": 0, "num_statements": 20, "percent_covered": 0.0, "percent_covered_display": "0.00", "missing_lines": 20, "excluded_lines": 0, "num_branches": 2, "num_partial_branches": 0, "covered_branches": 0, "missing_branches": 2}, "missing_lines": [14, 17, 23, 24, 25, 28, 29, 32, 38, 39, 42, 43, 44, 45, 46, 49, 50, 51, 52, 54], "excluded_lines": [], "executed_branches": [], "missing_branches": [[49, 50], [49, 54]]}, "": {"executed_lines": [1, 3, 4, 5, 6, 8, 11], "summary": {"covered_lines": 6, "num_statements": 6, "percent_covered": 100.0, "percent_covered_display": "100.00", "missing_lines": 0, "excluded_lines": 0, "num_branches": 0, "num_partial_branches": 0, "covered_branches": 0, "missing_branches": 0}, "missing_lines": [], "excluded_lines": [], "executed_branches": [], "missing_branches": []}}, "classes": {"": {"executed_lines": [1, 3, 4, 5, 6, 8, 11], "summary": {"covered_lines": 6, "num_statements": 26, "percent_covered": 21.428571428571427, "percent_covered_display": "21.43", "missing_lines": 20, "excluded_lines": 0, "num_branches": 2, "num_partial_branches": 0, "covered_branches": 0, "missing_branches": 2}, "missing_lines": [14, 17, 23, 24, 25, 28, 29, 32, 38, 39, 42, 43, 44, 45, 46, 49, 50, 51, 52, 54], "excluded_lines": [], "executed_branches": [], "missing_branches": [[49, 50], [49, 54]]}}}, "src\\spotify_yt_transfer\\database\\base.py": {"executed_lines": [1, 3, 4, 6, 7, 9, 11, 14, 17, 25, 28, 38, 39, 40, 41, 45, 48, 55, 56, 57, 60, 63, 64], "summary": {"covered_lines": 22, "num_statements": 24, "percent_covered": 91.66666666666667, "percent_covered_display": "91.67", "missing_lines": 2, "excluded_lines": 0, "num_branches": 0, "num_partial_branches": 0, "covered_branches": 0, "missing_branches": 0}, "missing_lines": [42, 43], "excluded_lines": [], "executed_branches": [], "missing_branches": [], "functions": {"get_db": {"executed_lines": [38, 39, 40, 41, 45], "summary": {"covered_lines": 5, "num_statements": 7, "percent_covered": 71.42857142857143, "percent_covered_display": "71.43", "missing_lines": 2, "excluded_lines": 0, "num_branches": 0, "num_partial_branches": 0, "covered_branches": 0, "missing_branches": 0}, "missing_lines": [42, 43], "excluded_lines": [], "executed_branches": [], "missing_branches": []}, "init_db": {"executed_lines": [55, 56, 57, 60, 63, 64], "summary": {"covered_lines": 6, "num_statements": 6, "percent_covered": 100.0, "percent_covered_display": "100.00", "missing_lines": 0, "excluded_lines": 0, "num_branches": 0, "num_partial_branches": 0, "covered_branches": 0, "missing_branches": 0}, "missing_lines": [], "excluded_lines": [], "executed_branches": [], "missing_branches": []}, "": {"executed_lines": [1, 3, 4, 6, 7, 9, 11, 14, 17, 25, 28, 48], "summary": {"covered_lines": 11, "num_statements": 11, "percent_covered": 100.0, "percent_covered_display": "100.00", "missing_lines": 0, "excluded_lines": 0, "num_branches": 0, "num_partial_branches": 0, "covered_branches": 0, "missing_branches": 0}, "missing_lines": [], "excluded_lines": [], "executed_branches": [], "missing_branches": []}}, "classes": {"": {"executed_lines": [1, 3, 4, 6, 7, 9, 11, 14, 17, 25, 28, 38, 39, 40, 41, 45, 48, 55, 56, 57, 60, 63, 64], "summary": {"covered_lines": 22, "num_statements": 24, "percent_covered": 91.66666666666667, "percent_covered_display": "91.67", "missing_lines": 2, "excluded_lines": 0, "num_branches": 0, "num_partial_branches": 0, "covered_branches": 0, "missing_branches": 0}, "missing_lines": [42, 43], "excluded_lines": [], "executed_branches": [], "missing_branches": []}}}, "src\\spotify_yt_transfer\\database\\models.py": {"executed_lines": [1, 3, 5, 8, 9, 16, 18, 19, 20, 21, 22, 24, 28, 29, 35, 37, 38, 39, 41], "summary": {"covered_lines": 14, "num_statements": 14, "percent_covered": 100.0, "percent_covered_display": "100.00", "missing_lines": 0, "excluded_lines": 4, "num_branches": 0, "num_partial_branches": 0, "covered_branches": 0, "missing_branches": 0}, "missing_lines": [], "excluded_lines": [24, 25, 41, 42], "executed_branches": [], "missing_branches": [], "functions": {"MatchedTrack.__repr__": {"executed_lines": [], "summary": {"covered_lines": 0, "num_statements": 0, "percent_covered": 100.0, "percent_covered_display": "100.00", "missing_lines": 0, "excluded_lines": 1, "num_branches": 0, "num_partial_branches": 0, "covered_branches": 0, "missing_branches": 0}, "missing_lines": [], "excluded_lines": [25], "executed_branches": [], "missing_branches": []}, "FailedTrack.__repr__": {"executed_lines": [], "summary": {"covered_lines": 0, "num_statements": 0, "percent_covered": 100.0, "percent_covered_display": "100.00", "missing_lines": 0, "excluded_lines": 1, "num_branches": 0, "num_partial_branches": 0, "covered_branches": 0, "missing_branches": 0}, "missing_lines": [], "excluded_lines": [42], "executed_branches": [], "missing_branches": []}, "": {"executed_lines": [1, 3, 5, 8, 9, 16, 18, 19, 20, 21, 22, 24, 28, 29, 35, 37, 38, 39, 41], "summary": {"covered_lines": 14, "num_statements": 14, "percent_covered": 100.0, "percent_covered_display": "100.00", "missing_lines": 0, "excluded_lines": 2, "num_branches": 0, "num_partial_branches": 0, "covered_branches": 0, "missing_branches": 0}, "missing_lines": [], "excluded_lines": [24, 41], "executed_branches": [], "missing_branches": []}}, "classes": {"MatchedTrack": {"executed_lines": [], "summary": {"covered_lines": 0, "num_statements": 0, "percent_covered": 100.0, "percent_covered_display": "100.00", "missing_lines": 0, "excluded_lines": 1, "num_branches": 0, "num_partial_branches": 0, "covered_branches": 0, "missing_branches": 0}, "missing_lines": [], "excluded_lines": [25], "executed_branches": [], "missing_branches": []}, "FailedTrack": {"executed_lines": [], "summary": {"covered_lines": 0, "num_statements": 0, "percent_covered": 100.0, "percent_covered_display": "100.00", "missing_lines": 0, "excluded_lines": 1, "num_branches": 0, "num_partial_branches": 0, "covered_branches": 0, "missing_branches": 0}, "missing_lines": [], "excluded_lines": [42], "executed_branches": [], "missing_branches": []}, "": {"executed_lines": [1, 3, 5, 8, 9, 16, 18, 19, 20, 21, 22, 24, 28, 29, 35, 37, 38, 39, 41], "summary": {"covered_lines": 14, "num_statements": 14, "percent_covered": 100.0, "percent_covered_display": "100.00", "missing_lines": 0, "excluded_lines": 2, "num_branches": 0, "num_partial_branches": 0, "covered_branches": 0, "missing_branches": 0}, "missing_lines": [], "excluded_lines": [24, 41], "executed_branches": [], "missing_branches": []}}}, "src\\spotify_yt_transfer\\database\\repository.py": {"executed_lines": [1, 3, 5, 7, 9, 12, 13, 19, 26, 30, 40, 42, 63, 65, 75, 82, 83, 85, 86, 87, 89, 96, 100, 110, 112, 129, 131, 137, 142, 143, 145, 146, 147, 149, 161, 162, 163, 164, 165, 166, 169], "summary": {"covered_lines": 39, "num_statements": 51, "percent_covered": 73.6842105263158, "percent_covered_display": "73.68", "missing_lines": 12, "excluded_lines": 0, "num_branches": 6, "num_partial_branches": 3, "covered_branches": 3, "missing_branches": 3}, "missing_lines": [67, 68, 69, 70, 71, 72, 132, 133, 134, 135, 167, 176], "excluded_lines": [], "executed_branches": [[65, 75], [131, 137], [162, 163]], "missing_branches": [[65, 67], [131, 132], [162, 167]], "functions": {"TrackRepository.__init__": {"executed_lines": [26], "summary": {"covered_lines": 1, "num_statements": 1, "percent_covered": 100.0, "percent_covered_display": "100.00", "missing_lines": 0, "excluded_lines": 0, "num_branches": 0, "num_partial_branches": 0, "covered_branches": 0, "missing_branches": 0}, "missing_lines": [], "excluded_lines": [], "executed_branches": [], "missing_branches": []}, "TrackRepository.get_matched_track": {"executed_lines": [40], "summary": {"covered_lines": 1, "num_statements": 1, "percent_covered": 100.0, "percent_covered_display": "100.00", "missing_lines": 0, "excluded_lines": 0, "num_branches": 0, "num_partial_branches": 0, "covered_branches": 0, "missing_branches": 0}, "missing_lines": [], "excluded_lines": [], "executed_branches": [], "missing_branches": []}, "TrackRepository.save_matched_track": {"executed_lines": [63, 65, 75, 82, 83, 85, 86, 87], "summary": {"covered_lines": 8, "num_statements": 14, "percent_covered": 56.25, "percent_covered_display": "56.25", "missing_lines": 6, "excluded_lines": 0, "num_branches": 2, "num_partial_branches": 1, "covered_branches": 1, "missing_branches": 1}, "missing_lines": [67, 68, 69, 70, 71, 72], "excluded_lines": [], "executed_branches": [[65, 75]], "missing_branches": [[65, 67]]}, "TrackRepository.get_all_matched_tracks": {"executed_lines": [96], "summary": {"covered_lines": 1, "num_statements": 1, "percent_covered": 100.0, "percent_covered_display": "100.00", "missing_lines": 0, "excluded_lines": 0, "num_branches": 0, "num_partial_branches": 0, "covered_branches": 0, "missing_branches": 0}, "missing_lines": [], "excluded_lines": [], "executed_branches": [], "missing_branches": []}, "TrackRepository.get_failed_track": {"executed_lines": [110], "summary": {"covered_lines": 1, "num_statements": 1, "percent_covered": 100.0, "percent_covered_display": "100.00", "missing_lines": 0, "excluded_lines": 0, "num_branches": 0, "num_partial_branches": 0, "covered_branches": 0, "missing_branches": 0}, "missing_lines": [], "excluded_lines": [], "executed_branches": [], "missing_branches": []}, "TrackRepository.record_failed_track": {"executed_lines": [129, 131, 137, 142, 143, 145, 146, 147], "summary": {"covered_lines": 8, "num_statements": 12, "percent_covered": 64.28571428571429, "percent_covered_display": "64.29", "missing_lines": 4, "excluded_lines": 0, "num_branches": 2, "num_partial_branches": 1, "covered_branches": 1, "missing_branches": 1}, "missing_lines": [132, 133, 134, 135], "excluded_lines": [], "executed_branches": [[131, 137]], "missing_branches": [[131, 132]]}, "TrackRepository.clear_failed_track": {"executed_lines": [161, 162, 163, 164, 165, 166], "summary": {"covered_lines": 6, "num_statements": 7, "percent_covered": 77.77777777777777, "percent_covered_display": "77.78", "missing_lines": 1, "excluded_lines": 0, "num_branches": 2, "num_partial_branches": 1, "covered_branches": 1, "missing_branches": 1}, "missing_lines": [167], "excluded_lines": [], "executed_branches": [[162, 163]], "missing_branches": [[162, 167]]}, "TrackRepository.get_all_failed_tracks": {"executed_lines": [], "summary": {"covered_lines": 0, "num_statements": 1, "percent_covered": 0.0, "percent_covered_display": "0.00", "missing_lines": 1, "excluded_lines": 0, "num_branches": 0, "num_partial_branches": 0, "covered_branches": 0, "missing_branches": 0}, "missing_lines": [176], "excluded_lines": [], "executed_branches": [], "missing_branches": []}, "": {"executed_lines": [1, 3, 5, 7, 9, 12, 13, 19, 30, 42, 89, 100, 112, 149, 169], "summary": {"covered_lines": 13, "num_statements": 13, "percent_covered": 100.0, "percent_covered_display": "100.00", "missing_lines": 0, "excluded_lines": 0, "num_branches": 0, "num_partial_branches": 0, "covered_branches": 0, "missing_branches": 0}, "missing_lines": [], "excluded_lines": [], "executed_branches": [], "missing_branches": []}}, "classes": {"TrackRepository": {"executed_lines": [26, 40, 63, 65, 75, 82, 83, 85, 86, 87, 96, 110, 129, 131, 137, 142, 143, 145, 146, 147, 161, 162, 163, 164, 165, 166], "summary": {"covered_lines": 26, "num_statements": 38, "percent_covered": 65.9090909090909, "percent_covered_display": "65.91", "missing_lines": 12, "excluded_lines": 0, "num_branches": 6, "num_partial_branches": 3, "covered_branches": 3, "missing_branches": 3}, "missing_lines": [67, 68, 69, 70, 71, 72, 132, 133, 134, 135, 167, 176], "excluded_lines": [], "executed_branches": [[65, 75], [131, 137], [162, 163]], "missing_branches": [[65, 67], [131, 132], [162, 167]]}, "": {"executed_lines": [1, 3, 5, 7, 9, 12, 13, 19, 30, 42, 89, 100, 112, 149, 169], "summary": {"covered_lines": 13, "num_statements": 13, "percent_covered": 100.0, "percent_covered_display": "100.00", "missing_lines": 0, "excluded_lines": 0, "num_branches": 0, "num_partial_branches": 0, "covered_branches": 0, "missing_branches": 0}, "missing_lines": [], "excluded_lines": [], "executed_branches": [], "missing_branches": []}}}, "src\\spotify_yt_transfer\\main.py": {"executed_lines": [1, 3, 4, 5, 7, 8, 9, 10, 11, 12, 14, 15, 16, 17, 19, 22, 23, 52, 85, 86, 87, 88, 91, 92, 95, 96, 97, 98, 100, 103, 121], "summary": {"covered_lines": 29, "num_statements": 40, "percent_covered": 72.5, "percent_covered_display": "72.50", "missing_lines": 11, "excluded_lines": 2, "num_branches": 0, "num_partial_branches": 0, "covered_branches": 0, "missing_branches": 0}, "missing_lines": [36, 37, 38, 40, 41, 43, 45, 48, 109, 111, 112], "excluded_lines": [121, 122], "executed_branches": [], "missing_branches": [], "functions": {"lifespan": {"executed_lines": [], "summary": {"covered_lines": 0, "num_statements": 8, "percent_covered": 0.0, "percent_covered_display": "0.00", "missing_lines": 8, "excluded_lines": 0, "num_branches": 0, "num_partial_branches": 0, "covered_branches": 0, "missing_branches": 0}, "missing_lines": [36, 37, 38, 40, 41, 43, 45, 48], "excluded_lines": [], "executed_branches": [], "missing_branches": []}, "cli": {"executed_lines": [], "summary": {"covered_lines": 0, "num_statements": 3, "percent_covered": 0.0, "percent_covered_display": "0.00", "missing_lines": 3, "excluded_lines": 0, "num_branches": 0, "num_partial_branches": 0, "covered_branches": 0, "missing_branches": 0}, "missing_lines": [109, 111, 112], "excluded_lines": [], "executed_branches": [], "missing_branches": []}, "": {"executed_lines": [1, 3, 4, 5, 7, 8, 9, 10, 11, 12, 14, 15, 16, 17, 19, 22, 23, 52, 85, 86, 87, 88, 91, 92, 95, 96, 97, 98, 100, 103, 121], "summary": {"covered_lines": 29, "num_statements": 29, "percent_covered": 100.0, "percent_covered_display": "100.00", "missing_lines": 0, "excluded_lines": 2, "num_branches": 0, "num_partial_branches": 0, "covered_branches": 0, "missing_branches": 0}, "missing_lines": [], "excluded_lines": [121, 122], "executed_branches": [], "missing_branches": []}}, "classes": {"": {"executed_lines": [1, 3, 4, 5, 7, 8, 9, 10, 11, 12, 14, 15, 16, 17, 19, 22, 23, 52, 85, 86, 87, 88, 91, 92, 95, 96, 97, 98, 100, 103, 121], "summary": {"covered_lines": 29, "num_statements": 40, "percent_covered": 72.5, "percent_covered_display": "72.50", "missing_lines": 11, "excluded_lines": 2, "num_branches": 0, "num_partial_branches": 0, "covered_branches": 0, "missing_branches": 0}, "missing_lines": [36, 37, 38, 40, 41, 43, 45, 48, 109, 111, 112], "excluded_lines": [121, 122], "executed_branches": [], "missing_branches": []}}}, "src\\spotify_yt_transfer\\schemas\\migration.py": {"executed_lines": [1, 3, 6, 7, 9, 14, 21, 22, 24, 29, 36, 37, 39, 44, 49, 54, 59, 66, 67, 69, 74, 82, 83, 85, 89, 93, 97, 104, 105, 107, 112, 119, 120, 122, 126, 130], "summary": {"covered_lines": 28, "num_statements": 28, "percent_covered": 100.0, "percent_covered_display": "100.00", "missing_lines": 0, "excluded_lines": 0, "num_branches": 0, "num_partial_branches": 0, "covered_branches": 0, "missing_branches": 0}, "missing_lines": [], "excluded_lines": [], "executed_branches": [], "missing_branches": [], "functions": {"": {"executed_lines": [1, 3, 6, 7, 9, 14, 21, 22, 24, 29, 36, 37, 39, 44, 49, 54, 59, 66, 67, 69, 74, 82, 83, 85, 89, 93, 97, 104, 105, 107, 112, 119, 120, 122, 126, 130], "summary": {"covered_lines": 28, "num_statements": 28, "percent_covered": 100.0, "percent_covered_display": "100.00", "missing_lines": 0, "excluded_lines": 0, "num_branches": 0, "num_partial_branches": 0, "covered_branches": 0, "missing_branches": 0}, "missing_lines": [], "excluded_lines": [], "executed_branches": [], "missing_branches": []}}, "classes": {"MigrateParams": {"executed_lines": [], "summary": {"covered_lines": 0, "num_statements": 0, "percent_covered": 100.0, "percent_covered_display": "100.00", "missing_lines": 0, "excluded_lines": 0, "num_branches": 0, "num_partial_branches": 0, "covered_branches": 0, "missing_branches": 0}, "missing_lines": [], "excluded_lines": [], "executed_branches": [], "missing_branches": []}, "MigrateResponse": {"executed_lines": [], "summary": {"covered_lines": 0, "num_statements": 0, "percent_covered": 100.0, "percent_covered_display": "100.00", "missing_lines": 0, "excluded_lines": 0, "num_branches": 0, "num_partial_branches": 0, "covered_branches": 0, "missing_branches": 0}, "missing_lines": [], "excluded_lines": [], "executed_branches": [], "missing_branches": []}, "MissingTrack": {"executed_lines": [], "summary": {"covered_lines": 0, "num_statements": 0, "percent_covered": 100.0, "percent_covered_display": "100.00", "missing_lines": 0, "excluded_lines": 0, "num_branches": 0, "num_partial_branches": 0, "covered_branches": 0, "missing_branches": 0}, "missing_lines": [], "excluded_lines": [], "executed_branches": [], "missing_branches": []}, "DuplicateTrack": {"executed_lines": [], "summary": {"covered_lines": 0, "num_statements": 0, "percent_covered": 100.0, "percent_covered_display": "100.00", "missing_lines": 0, "excluded_lines": 0, "num_branches": 0, "num_partial_branches": 0, "covered_branches": 0, "missing_branches": 0}, "missing_lines": [], "excluded_lines": [], "executed_branches": [], "missing_branches": []}, "UnavailableTrack": {"executed_lines": [], "summary": {"covered_lines": 0, "num_statements": 0, "percent_covered": 100.0, "percent_covered_display": "100.00", "missing_lines": 0, "excluded_lines": 0, "num_branches": 0, "num_partial_branches": 0, "covered_branches": 0, "missing_branches": 0}, "missing_lines": [], "excluded_lines": [], "executed_branches": [], "missing_branches": []}, "CheckMissingParams": {"executed_lines": [], "summary": {"covered_lines": 0, "num_statements": 0, "percent_covered": 100.0, "percent_covered_display": "100.00", "missing_lines": 0, "excluded_lines": 0, "num_branches": 0, "num_partial_branches": 0, "covered_branches": 0, "missing_branches": 0}, "missing_lines": [], "excluded_lines": [], "executed_branches": [], "missing_branches": []}, "CheckMissingResponse": {"executed_lines": [], "summary": {"covered_lines": 0, "num_statements": 0, "percent_covered": 100.0, "percent_covered_display": "100.00", "missing_lines": 0, "excluded_lines": 0, "num_branches": 0, "num_partial_branches": 0, "covered_branches": 0, "missing_branches": 0}, "missing_lines": [], "excluded_lines": [], "executed_branches": [], "missing_branches": []}, "": {"executed_lines": [1, 3, 6, 7, 9, 14, 21, 22, 24, 29, 36, 37, 39, 44, 49, 54, 59, 66, 67, 69, 74, 82, 83, 85, 89, 93, 97, 104, 105, 107, 112, 119, 120, 122, 126, 130], "summary": {"covered_lines": 28, "num_statements": 28, "percent_covered": 100.0, "percent_covered_display": "100.00", "missing_lines": 0, "excluded_lines": 0, "num_branches": 0, "num_partial_branches": 0, "covered_branches": 0, "missing_branches": 0}, "missing_lines": [], "excluded_lines": [], "executed_branches": [], "missing_branches": []}}}, "src\\spotify_yt_transfer\\schemas\\playlist.py": {"executed_lines": [1, 3, 6, 7, 9, 16, 17, 19, 24, 31, 32, 34, 39, 44, 51, 52, 54, 59, 66, 73, 74, 76, 81, 86], "summary": {"covered_lines": 18, "num_statements": 18, "percent_covered": 100.0, "percent_covered_display": "100.00", "missing_lines": 0, "excluded_lines": 0, "num_branches": 0, "num_partial_branches": 0, "covered_branches": 0, "missing_branches": 0}, "missing_lines": [], "excluded_lines": [], "executed_branches": [], "missing_branches": [], "functions": {"": {"executed_lines": [1, 3, 6, 7, 9, 16, 17, 19, 24, 31, 32, 34, 39, 44, 51, 52, 54, 59, 66, 73, 74, 76, 81, 86], "summary": {"covered_lines": 18, "num_statements": 18, "percent_covered": 100.0, "percent_covered_display": "100.00", "missing_lines": 0, "excluded_lines": 0, "num_branches": 0, "num_partial_branches": 0, "covered_branches": 0, "missing_branches": 0}, "missing_lines": [], "excluded_lines": [], "executed_branches": [], "missing_branches": []}}, "classes": {"YouTubePlaylistParams": {"executed_lines": [], "summary": {"covered_lines": 0, "num_statements": 0, "percent_covered": 100.0, "percent_covered_display": "100.00", "missing_lines": 0, "excluded_lines": 0, "num_branches": 0, "num_partial_branches": 0, "covered_branches": 0, "missing_branches": 0}, "missing_lines": [], "excluded_lines": [], "executed_branches": [], "missing_branches": []}, "YouTubePlaylistResponse": {"executed_lines": [], "summary": {"covered_lines": 0, "num_statements": 0, "percent_covered": 100.0, "percent_covered_display": "100.00", "missing_lines": 0, "excluded_lines": 0, "num_branches": 0, "num_partial_branches": 0, "covered_branches": 0, "missing_branches": 0}, "missing_lines": [], "excluded_lines": [], "executed_branches": [], "missing_branches": []}, "PlaylistInfo": {"executed_lines": [], "summary": {"covered_lines": 0, "num_statements": 0, "percent_covered": 100.0, "percent_covered_display": "100.00", "missing_lines": 0, "excluded_lines": 0, "num_branches": 0, "num_partial_branches": 0, "covered_branches": 0, "missing_branches": 0}, "missing_lines": [], "excluded_lines": [], "executed_branches": [], "missing_branches": []}, "SplitLikedSongsParams": {"executed_lines": [], "summary": {"covered_lines": 0, "num_statements": 0, "percent_covered": 100.0, "percent_covered_display": "100.00", "missing_lines": 0, "excluded_lines": 0, "num_branches": 0, "num_partial_branches": 0, "covered_branches": 0, "missing_branches": 0}, "missing_lines": [], "excluded_lines": [], "executed_branches": [], "missing_branches": []}, "SplitLikedSongsResponse": {"executed_lines": [], "summary": {"covered_lines": 0, "num_statements": 0, "percent_covered": 100.0, "percent_covered_display": "100.00", "missing_lines": 0, "excluded_lines": 0, "num_branches": 0, "num_partial_branches": 0, "covered_branches": 0, "missing_branches": 0}, "missing_lines": [], "excluded_lines": [], "executed_branches": [], "missing_branches": []}, "": {"executed_lines": [1, 3, 6, 7, 9, 16, 17, 19, 24, 31, 32, 34, 39, 44, 51, 52, 54, 59, 66, 73, 74, 76, 81, 86], "summary": {"covered_lines": 18, "num_statements": 18, "percent_covered": 100.0, "percent_covered_display": "100.00", "missing_lines": 0, "excluded_lines": 0, "num_branches": 0, "num_partial_branches": 0, "covered_branches": 0, "missing_branches": 0}, "missing_lines": [], "excluded_lines": [], "executed_branches": [], "missing_branches": []}}}, "src\\spotify_yt_transfer\\services\\migration_service.py": {"executed_lines": [1, 3, 5, 7, 8, 10, 13, 23, 24, 26, 27, 28, 29, 30, 31, 32, 35, 36, 47, 61, 62, 63, 65, 83, 86, 87, 88, 90, 91, 93, 94, 95, 98, 99, 100, 101, 103, 107, 110, 112, 113, 114, 116, 117, 118, 120, 122, 123, 126, 127, 129, 130, 131, 134, 135, 136, 137, 144, 148, 149, 150, 151, 158, 159, 160, 161, 164, 165, 167, 176, 177, 178, 181, 182, 183, 186, 187, 188, 189, 190, 191, 201, 202], "summary": {"covered_lines": 81, "num_statements": 97, "percent_covered": 81.6, "percent_covered_display": "81.60", "missing_lines": 16, "excluded_lines": 0, "num_branches": 28, "num_partial_branches": 3, "covered_branches": 21, "missing_branches": 7}, "missing_lines": [146, 147, 154, 155, 168, 169, 170, 174, 175, 192, 193, 194, 196, 197, 198, 199], "excluded_lines": [], "executed_branches": [[86, 87], [86, 90], [93, 94], [93, 98], [99, 100], [99, 103], [112, 113], [112, 181], [116, 117], [116, 120], [129, 130], [129, 134], [136, 137], [149, 150], [158, 159], [164, 112], [164, 165], [181, 182], [181, 186], [187, 188], [187, 201]], "missing_branches": [[136, 146], [149, 154], [158, 112], [168, 169], [168, 174], [193, 194], [193, 196]], "functions": {"_is_quota_exceeded": {"executed_lines": [23, 24, 26, 27, 28, 29, 30, 31, 32], "summary": {"covered_lines": 9, "num_statements": 9, "percent_covered": 100.0, "percent_covered_display": "100.00", "missing_lines": 0, "excluded_lines": 0, "num_branches": 0, "num_partial_branches": 0, "covered_branches": 0, "missing_branches": 0}, "missing_lines": [], "excluded_lines": [], "executed_branches": [], "missing_branches": []}, "MigrationService.__init__": {"executed_lines": [61, 62, 63], "summary": {"covered_lines": 3, "num_statements": 3, "percent_covered": 100.0, "percent_covered_display": "100.00", "missing_lines": 0, "excluded_lines": 0, "num_branches": 0, "num_partial_branches": 0, "covered_branches": 0, "missing_branches": 0}, "missing_lines": [], "excluded_lines": [], "executed_branches": [], "missing_branches": []}, "MigrationService.migrate_playlist": {"executed_lines": [83, 86, 87, 88, 90, 91, 93, 94, 95, 98, 99, 100, 101, 103, 107, 110, 112, 113, 114, 116, 117, 118, 120, 122, 123, 126, 127, 129, 130, 131, 134, 135, 136, 137, 144, 148, 149, 150, 151, 158, 159, 160, 161, 164, 165, 167, 176, 177, 178, 181, 182, 183, 186, 187, 188, 189, 190, 191, 201, 202], "summary": {"covered_lines": 60, "num_statements": 76, "percent_covered": 77.88461538461539, "percent_covered_display": "77.88", "missing_lines": 16, "excluded_lines": 0, "num_branches": 28, "num_partial_branches": 3, "covered_branches": 21, "missing_branches": 7}, "missing_lines": [146, 147, 154, 155, 168, 169, 170, 174, 175, 192, 193, 194, 196, 197, 198, 199], "excluded_lines": [], "executed_branches": [[86, 87], [86, 90], [93, 94], [93, 98], [99, 100], [99, 103], [112, 113], [112, 181], [116, 117], [116, 120], [129, 130], [129, 134], [136, 137], [149, 150], [158, 159], [164, 112], [164, 165], [181, 182], [181, 186], [187, 188], [187, 201]], "missing_branches": [[136, 146], [149, 154], [158, 112], [168, 169], [168, 174], [193, 194], [193, 196]]}, "": {"executed_lines": [1, 3, 5, 7, 8, 10, 13, 35, 36, 47, 65], "summary": {"covered_lines": 9, "num_statements": 9, "percent_covered": 100.0, "percent_covered_display": "100.00", "missing_lines": 0, "excluded_lines": 0, "num_branches": 0, "num_partial_branches": 0, "covered_branches": 0, "missing_branches": 0}, "missing_lines": [], "excluded_lines": [], "executed_branches": [], "missing_branches": []}}, "classes": {"MigrationService": {"executed_lines": [61, 62, 63, 83, 86, 87, 88, 90, 91, 93, 94, 95, 98, 99, 100, 101, 103, 107, 110, 112, 113, 114, 116, 117, 118, 120, 122, 123, 126, 127, 129, 130, 131, 134, 135, 136, 137, 144, 148, 149, 150, 151, 158, 159, 160, 161, 164, 165, 167, 176, 177, 178, 181, 182, 183, 186, 187, 188, 189, 190, 191, 201, 202], "summary": {"covered_lines": 63, "num_statements": 79, "percent_covered": 78.50467289719626, "percent_covered_display": "78.50", "missing_lines": 16, "excluded_lines": 0, "num_branches": 28, "num_partial_branches": 3, "covered_branches": 21, "missing_branches": 7}, "missing_lines": [146, 147, 154, 155, 168, 169, 170, 174, 175, 192, 193, 194, 196, 197, 198, 199], "excluded_lines": [], "executed_branches": [[86, 87], [86, 90], [93, 94], [93, 98], [99, 100], [99, 103], [112, 113], [112, 181], [116, 117], [116, 120], [129, 130], [129, 134], [136, 137], [149, 150], [158, 159], [164, 112], [164, 165], [181, 182], [181, 186], [187, 188], [187, 201]], "missing_branches": [[136, 146], [149, 154], [158, 112], [168, 169], [168, 174], [193, 194], [193, 196]]}, "": {"executed_lines": [1, 3, 5, 7, 8, 10, 13, 23, 24, 26, 27, 28, 29, 30, 31, 32, 35, 36, 47, 65], "summary": {"covered_lines": 18, "num_statements": 18, "percent_covered": 100.0, "percent_covered_display": "100.00", "missing_lines": 0, "excluded_lines": 0, "num_branches": 0, "num_partial_branches": 0, "covered_branches": 0, "missing_branches": 0}, "missing_lines": [], "excluded_lines": [], "executed_branches": [], "missing_branches": []}}}, "src\\spotify_yt_transfer\\services\\playlist_service.py": {"executed_lines": [1, 3, 4, 5, 6, 7, 9, 10, 12, 13, 14, 16, 19, 20, 29, 43, 44, 45, 47, 60, 65, 66, 69, 70, 71, 73, 75, 76, 77, 79, 80, 83, 84, 87, 88, 93, 94, 97, 99, 100, 102, 103, 104, 105, 116, 126, 131, 137, 154, 157, 158, 159, 162, 163, 164, 166, 167, 168, 171, 172, 174, 177, 178, 179, 180, 183, 184, 189, 192, 200, 201, 204, 205, 206, 207, 209, 213, 215, 217, 221, 223, 225, 248, 249, 251, 254, 256, 257, 259, 262, 268, 270, 274, 275, 276, 277, 278, 282, 283, 287, 288, 289, 292, 293, 300, 301, 302, 304, 309, 310, 311, 312, 313, 314, 316], "summary": {"covered_lines": 113, "num_statements": 113, "percent_covered": 100.0, "percent_covered_display": "100.00", "missing_lines": 0, "excluded_lines": 0, "num_branches": 24, "num_partial_branches": 0, "covered_branches": 24, "missing_branches": 0}, "missing_lines": [], "excluded_lines": [], "executed_branches": [[73, 75], [73, 87], [75, 76], [75, 79], [83, 73], [83, 84], [99, 100], [99, 126], [102, 103], [102, 116], [104, 99], [104, 105], [166, 167], [166, 171], [177, 178], [177, 221], [205, 206], [205, 215], [256, 257], [256, 259], [268, 270], [268, 282], [309, 310], [309, 316]], "missing_branches": [], "functions": {"PlaylistService.__init__": {"executed_lines": [43, 44, 45], "summary": {"covered_lines": 3, "num_statements": 3, "percent_covered": 100.0, "percent_covered_display": "100.00", "missing_lines": 0, "excluded_lines": 0, "num_branches": 0, "num_partial_branches": 0, "covered_branches": 0, "missing_branches": 0}, "missing_lines": [], "excluded_lines": [], "executed_branches": [], "missing_branches": []}, "PlaylistService.find_missing_tracks": {"executed_lines": [60, 65, 66, 69, 70, 71, 73, 75, 76, 77, 79, 80, 83, 84, 87, 88, 93, 94, 97, 99, 100, 102, 103, 104, 105, 116, 126, 131], "summary": {"covered_lines": 28, "num_statements": 28, "percent_covered": 100.0, "percent_covered_display": "100.00", "missing_lines": 0, "excluded_lines": 0, "num_branches": 12, "num_partial_branches": 0, "covered_branches": 12, "missing_branches": 0}, "missing_lines": [], "excluded_lines": [], "executed_branches": [[73, 75], [73, 87], [75, 76], [75, 79], [83, 73], [83, 84], [99, 100], [99, 126], [102, 103], [102, 116], [104, 99], [104, 105]], "missing_branches": []}, "PlaylistService.split_liked_songs": {"executed_lines": [154, 157, 158, 159, 162, 163, 164, 166, 167, 168, 171, 172, 174, 177, 178, 179, 180, 183, 184, 189, 192, 200, 201, 204, 205, 206, 207, 209, 213, 215, 217, 221, 223], "summary": {"covered_lines": 33, "num_statements": 33, "percent_covered": 100.0, "percent_covered_display": "100.00", "missing_lines": 0, "excluded_lines": 0, "num_branches": 6, "num_partial_branches": 0, "covered_branches": 6, "missing_branches": 0}, "missing_lines": [], "excluded_lines": [], "executed_branches": [[166, 167], [166, 171], [177, 178], [177, 221], [205, 206], [205, 215]], "missing_branches": []}, "PlaylistService.download_playlist_cover": {"executed_lines": [248, 249, 251, 254, 256, 257, 259, 262, 268, 270, 274, 275, 276, 277, 278, 282, 283, 287, 288, 289, 292, 293, 300, 301, 302, 304, 309, 310, 311, 312, 313, 314, 316], "summary": {"covered_lines": 33, "num_statements": 33, "percent_covered": 100.0, "percent_covered_display": "100.00", "missing_lines": 0, "excluded_lines": 0, "num_branches": 6, "num_partial_branches": 0, "covered_branches": 6, "missing_branches": 0}, "missing_lines": [], "excluded_lines": [], "executed_branches": [[256, 257], [256, 259], [268, 270], [268, 282], [309, 310], [309, 316]], "missing_branches": []}, "": {"executed_lines": [1, 3, 4, 5, 6, 7, 9, 10, 12, 13, 14, 16, 19, 20, 29, 47, 137, 225], "summary": {"covered_lines": 16, "num_statements": 16, "percent_covered": 100.0, "percent_covered_display": "100.00", "missing_lines": 0, "excluded_lines": 0, "num_branches": 0, "num_partial_branches": 0, "covered_branches": 0, "missing_branches": 0}, "missing_lines": [], "excluded_lines": [], "executed_branches": [], "missing_branches": []}}, "classes": {"PlaylistService": {"executed_lines": [43, 44, 45, 60, 65, 66, 69, 70, 71, 73, 75, 76, 77, 79, 80, 83, 84, 87, 88, 93, 94, 97, 99, 100, 102, 103, 104, 105, 116, 126, 131, 154, 157, 158, 159, 162, 163, 164, 166, 167, 168, 171, 172, 174, 177, 178, 179, 180, 183, 184, 189, 192, 200, 201, 204, 205, 206, 207, 209, 213, 215, 217, 221, 223, 248, 249, 251, 254, 256, 257, 259, 262, 268, 270, 274, 275, 276, 277, 278, 282, 283, 287, 288, 289, 292, 293, 300, 301, 302, 304, 309, 310, 311, 312, 313, 314, 316], "summary": {"covered_lines": 97, "num_statements": 97, "percent_covered": 100.0, "percent_covered_display": "100.00", "missing_lines": 0, "excluded_lines": 0, "num_branches": 24, "num_partial_branches": 0, "covered_branches": 24, "missing_branches": 0}, "missing_lines": [], "excluded_lines": [], "executed_branches": [[73, 75], [73, 87], [75, 76], [75, 79], [83, 73], [83, 84], [99, 100], [99, 126], [102, 103], [102, 116], [104, 99], [104, 105], [166, 167], [166, 171], [177, 178], [177, 221], [205, 206], [205, 215], [256, 257], [256, 259], [268, 270], [268, 282], [309, 310], [309, 316]], "missing_branches": []}, "": {"executed_lines": [1, 3, 4, 5, 6, 7, 9, 10, 12, 13, 14, 16, 19, 20, 29, 47, 137, 225], "summary": {"covered_lines": 16, "num_statements": 16, "percent_covered": 100.0, "percent_covered_display": "100.00", "missing_lines": 0, "excluded_lines": 0, "num_branches": 0, "num_partial_branches": 0, "covered_branches": 0, "missing_branches": 0}, "missing_lines": [], "excluded_lines": [], "executed_branches": [], "missing_branches": []}}}, "src\\spotify_yt_transfer\\services\\track_matcher.py": {"executed_lines": [1, 3, 5, 7, 9, 12, 13, 21, 29, 30, 32, 51, 56, 57, 58, 59, 60, 63, 64, 66, 72, 78, 79], "summary": {"covered_lines": 21, "num_statements": 27, "percent_covered": 77.14285714285714, "percent_covered_display": "77.14", "missing_lines": 6, "excluded_lines": 0, "num_branches": 8, "num_partial_branches": 2, "covered_branches": 6, "missing_branches": 2}, "missing_lines": [52, 53, 73, 74, 75, 76], "excluded_lines": [], "executed_branches": [[51, 56], [57, 58], [57, 63], [58, 57], [58, 59], [72, 78]], "missing_branches": [[51, 52], [72, 73]], "functions": {"TrackMatcher.__init__": {"executed_lines": [29, 30], "summary": {"covered_lines": 2, "num_statements": 2, "percent_covered": 100.0, "percent_covered_display": "100.00", "missing_lines": 0, "excluded_lines": 0, "num_branches": 0, "num_partial_branches": 0, "covered_branches": 0, "missing_branches": 0}, "missing_lines": [], "excluded_lines": [], "executed_branches": [], "missing_branches": []}, "TrackMatcher.match_track": {"executed_lines": [51, 56, 57, 58, 59, 60, 63, 64, 66, 72, 78, 79], "summary": {"covered_lines": 12, "num_statements": 18, "percent_covered": 69.23076923076923, "percent_covered_display": "69.23", "missing_lines": 6, "excluded_lines": 0, "num_branches": 8, "num_partial_branches": 2, "covered_branches": 6, "missing_branches": 2}, "missing_lines": [52, 53, 73, 74, 75, 76], "excluded_lines": [], "executed_branches": [[51, 56], [57, 58], [57, 63], [58, 57], [58, 59], [72, 78]], "missing_branches": [[51, 52], [72, 73]]}, "": {"executed_lines": [1, 3, 5, 7, 9, 12, 13, 21, 32], "summary": {"covered_lines": 7, "num_statements": 7, "percent_covered": 100.0, "percent_covered_display": "100.00", "missing_lines": 0, "excluded_lines": 0, "num_branches": 0, "num_partial_branches": 0, "covered_branches": 0, "missing_branches": 0}, "missing_lines": [], "excluded_lines": [], "executed_branches": [], "missing_branches": []}}, "classes": {"TrackMatcher": {"executed_lines": [29, 30, 51, 56, 57, 58, 59, 60, 63, 64, 66, 72, 78, 79], "summary": {"covered_lines": 14, "num_statements": 20, "percent_covered": 71.42857142857143, "percent_covered_display": "71.43", "missing_lines": 6, "excluded_lines": 0, "num_branches": 8, "num_partial_branches": 2, "covered_branches": 6, "missing_branches": 2}, "missing_lines": [52, 53, 73, 74, 75, 76], "excluded_lines": [], "executed_branches": [[51, 56], [57, 58], [57, 63], [58, 57], [58, 59], [72, 78]], "missing_branches": [[51, 52], [72, 73]]}, "": {"executed_lines": [1, 3, 5, 7, 9, 12, 13, 21, 32], "summary": {"covered_lines": 7, "num_statements": 7, "percent_covered": 100.0, "percent_covered_display": "100.00", "missing_lines": 0, "excluded_lines": 0, "num_branches": 0, "num_partial_branches": 0, "covered_branches": 0, "missing_branches": 0}, "missing_lines": [], "excluded_lines": [], "executed_branches": [], "missing_branches": []}}}}, "totals": {"covered_lines": 580, "num_statements": 848, "percent_covered": 65.77319587628865, "percent_covered_display": "65.77", "missing_lines": 268, "excluded_lines": 6, "num_branches": 122, "num_partial_branches": 12, "covered_branches": 58, "missing_branches": 64}}