<?xml version="1.0" encoding="utf-8"?><testsuites><testsuite name="pytest" errors="0" failures="0" skipped="0" tests="13" time="2.859" timestamp="2025-05-24T05:15:28.663368" hostname="Weixin07"><testcase classname="tests.test_check_missing" name="test_find_missing_tracks" time="0.014" /><testcase classname="tests.test_config" name="test_debug_flag_is_bool" time="0.007" /><testcase classname="tests.test_config" name="test_default_threshold" time="0.007" /><testcase classname="tests.test_data_storage" name="test_save_and_get_matched_track" time="0.028" /><testcase classname="tests.test_data_storage" name="test_record_and_clear_failed_track" time="0.031" /><testcase classname="tests.test_download_cover" name="test_download_cover" time="0.009" /><testcase classname="tests.test_main_endpoints" name="test_read_root" time="0.021" /><testcase classname="tests.test_main_endpoints" name="test_check_missing_endpoint" time="0.011" /><testcase classname="tests.test_main_endpoints" name="test_youtube_playlist_not_found" time="0.011" /><testcase classname="tests.test_spotify_client" name="test_spotify_client_init" time="0.008" /><testcase classname="tests.test_track_matcher" name="test_match_track_success" time="0.008" /><testcase classname="tests.test_track_matcher" name="test_match_track_failure" time="0.010" /><testcase classname="tests.test_youtube_client" name="test_youtube_client_init" time="0.008" /></testsuite></testsuites>